2024-12-31 19:28:18 [32minfo[39m: Server running on port 3000
2024-12-31 19:28:18 [31merror[39m: Error: Error connecting to database "Unhandled Promise Rejection in application"
2024-12-31 19:28:39 [32minfo[39m: Server running on port 3000
2024-12-31 20:21:16 [32minfo[39m: Server running on port 3000
2024-12-31 20:23:18 [31merror[39m: Error "Unhandled Promise Rejection in application"
2024-12-31 20:24:23 [31merror[39m: TypeError: Assignment to constant variable.
2024-12-31 20:26:23 [32minfo[39m: Server running on port 3000
2024-12-31 20:26:28 [31merror[39m: TypeError: Assignment to constant variable.
2024-12-31 20:43:47 [32minfo[39m: Server running on port 3000
2024-12-31 20:43:51 [31merror[39m: Error "Unhandled Promise Rejection in application"
2024-12-31 20:44:30 [32minfo[39m: Server running on port 3000
2024-12-31 20:44:33 [31merror[39m: Error: "audience" must be a string or array "Unhandled Promise Rejection in application"
2024-12-31 20:45:09 [32minfo[39m: Server running on port 3000
2024-12-31 20:45:19 [31merror[39m: TypeError: Assignment to constant variable.
2024-12-31 20:45:55 [32minfo[39m: Server running on port 3000
2024-12-31 20:46:02 [32minfo[39m: Server running on port 3000
2024-12-31 20:46:18 [31merror[39m: TypeError: Assignment to constant variable.
2024-12-31 20:46:57 [32minfo[39m: Server running on port 3000
2024-12-31 20:47:00 [31merror[39m: TypeError: Assignment to constant variable.
2024-12-31 20:47:27 [32minfo[39m: Server running on port 3000
2024-12-31 20:47:28 [31merror[39m: TypeError: Assignment to constant variable.
2024-12-31 20:47:33 [32minfo[39m: Server running on port 3000
2024-12-31 21:01:58 [32minfo[39m: Server running on port 3000
2024-12-31 21:02:14 [31merror[39m: TypeError: Assignment to constant variable.
2024-12-31 21:04:27 [32minfo[39m: Server running on port 3000
2024-12-31 21:04:39 [32minfo[39m: Server running on port 3000
2024-12-31 21:04:44 [31merror[39m: TypeError: Assignment to constant variable.
2024-12-31 21:05:02 [32minfo[39m: Server running on port 3000
2024-12-31 21:05:10 [32minfo[39m: Server running on port 3000
2024-12-31 21:05:20 [32minfo[39m: Server running on port 3000
2024-12-31 21:05:24 [31merror[39m: TypeError: Assignment to constant variable.
2024-12-31 21:05:48 [32minfo[39m: Server running on port 3000
2024-12-31 21:05:50 [31merror[39m: TypeError: Assignment to constant variable.
2024-12-31 21:06:37 [32minfo[39m: Server running on port 3000
2024-12-31 21:07:14 [32minfo[39m: Server running on port 3000
2024-12-31 21:07:20 [32minfo[39m: Server running on port 3000
2024-12-31 21:07:32 [32minfo[39m: Server running on port 3000
2024-12-31 21:07:39 [31merror[39m: TypeError: Cannot set properties of undefined (setting 'cookie')
2024-12-31 21:08:04 [32minfo[39m: Server running on port 3000
2024-12-31 21:08:42 [32minfo[39m: Server running on port 3000
2024-12-31 21:10:42 [32minfo[39m: Server running on port 3000
2024-12-31 21:13:04 [32minfo[39m: Server running on port 3000
2024-12-31 21:13:33 [32minfo[39m: Server running on port 3000
2024-12-31 21:15:25 [31merror[39m: ReferenceError: User is not defined
2024-12-31 21:15:43 [32minfo[39m: Server running on port 3000
2024-12-31 21:21:44 [32minfo[39m: Server running on port 3000
2024-12-31 21:21:55 [32minfo[39m: Server running on port 3000
2024-12-31 21:22:11 [32minfo[39m: Server running on port 3000
2024-12-31 21:22:45 [31merror[39m: ReferenceError: Cannot access 'id' before initialization
2024-12-31 21:23:02 [32minfo[39m: Server running on port 3000
2024-12-31 21:23:12 [32minfo[39m: Server running on port 3000
2025-01-01 11:14:01 [32minfo[39m: Server running on port 3000
2025-01-01 11:14:42 [32minfo[39m: Server running on port 3000
2025-01-01 11:14:42 [32minfo[39m: Connected to database
2025-01-01 11:16:53 [32minfo[39m: Server running on port 3000
2025-01-01 11:16:53 [32minfo[39m: Connected to database bytive
2025-01-01 11:17:10 [32minfo[39m: Server running on port 3000
2025-01-01 11:17:10 [32minfo[39m: Connected to database localhost
